2016-07-28 18:38:13 [-][-][-][error][yii\db\Exception] PDOException: SQLSTATE[HY000] [1049] Unknown database 'yii2advanced' in G:\openserver\domains\simplex\vendor\yiisoft\yii2\db\Connection.php:603
Stack trace:
#0 G:\openserver\domains\simplex\vendor\yiisoft\yii2\db\Connection.php(603): PDO->__construct('mysql:host=loca...', 'root', '', NULL)
#1 G:\openserver\domains\simplex\vendor\yiisoft\yii2\db\Connection.php(545): yii\db\Connection->createPdoInstance()
#2 G:\openserver\domains\simplex\vendor\yiisoft\yii2\db\Connection.php(864): yii\db\Connection->open()
#3 G:\openserver\domains\simplex\vendor\yiisoft\yii2\db\Connection.php(851): yii\db\Connection->getMasterPdo()
#4 G:\openserver\domains\simplex\vendor\yiisoft\yii2\db\Command.php(219): yii\db\Connection->getSlavePdo()
#5 G:\openserver\domains\simplex\vendor\yiisoft\yii2\db\Command.php(894): yii\db\Command->prepare(true)
#6 G:\openserver\domains\simplex\vendor\yiisoft\yii2\db\Command.php(362): yii\db\Command->queryInternal('fetchAll', NULL)
#7 G:\openserver\domains\simplex\vendor\yiisoft\yii2\db\mysql\Schema.php(198): yii\db\Command->queryAll()
#8 G:\openserver\domains\simplex\vendor\yiisoft\yii2\db\mysql\Schema.php(97): yii\db\mysql\Schema->findColumns(Object(yii\db\TableSchema))
#9 G:\openserver\domains\simplex\vendor\yiisoft\yii2\db\Schema.php(149): yii\db\mysql\Schema->loadTableSchema('migration')
#10 G:\openserver\domains\simplex\vendor\yiisoft\yii2\console\controllers\MigrateController.php(178): yii\db\Schema->getTableSchema('{{%migration}}', true)
#11 G:\openserver\domains\simplex\vendor\yiisoft\yii2\console\controllers\BaseMigrateController.php(627): yii\console\controllers\MigrateController->getMigrationHistory(NULL)
#12 G:\openserver\domains\simplex\vendor\yiisoft\yii2\console\controllers\BaseMigrateController.php(102): yii\console\controllers\BaseMigrateController->getNewMigrations()
#13 [internal function]: yii\console\controllers\BaseMigrateController->actionUp(0)
#14 G:\openserver\domains\simplex\vendor\yiisoft\yii2\base\InlineAction.php(55): call_user_func_array(Array, Array)
#15 G:\openserver\domains\simplex\vendor\yiisoft\yii2\base\Controller.php(154): yii\base\InlineAction->runWithParams(Array)
#16 G:\openserver\domains\simplex\vendor\yiisoft\yii2\console\Controller.php(119): yii\base\Controller->runAction('', Array)
#17 G:\openserver\domains\simplex\vendor\yiisoft\yii2\base\Module.php(454): yii\console\Controller->runAction('', Array)
#18 G:\openserver\domains\simplex\vendor\yiisoft\yii2\console\Application.php(180): yii\base\Module->runAction('migrate', Array)
#19 G:\openserver\domains\simplex\vendor\yiisoft\yii2\console\Application.php(147): yii\console\Application->runAction('migrate', Array)
#20 G:\openserver\domains\simplex\vendor\yiisoft\yii2\base\Application.php(375): yii\console\Application->handleRequest(Object(yii\console\Request))
#21 G:\openserver\domains\simplex\yii(27): yii\base\Application->run()
#22 {main}

Next yii\db\Exception: SQLSTATE[HY000] [1049] Unknown database 'yii2advanced' in G:\openserver\domains\simplex\vendor\yiisoft\yii2\db\Connection.php:550
Stack trace:
#0 G:\openserver\domains\simplex\vendor\yiisoft\yii2\db\Connection.php(864): yii\db\Connection->open()
#1 G:\openserver\domains\simplex\vendor\yiisoft\yii2\db\Connection.php(851): yii\db\Connection->getMasterPdo()
#2 G:\openserver\domains\simplex\vendor\yiisoft\yii2\db\Command.php(219): yii\db\Connection->getSlavePdo()
#3 G:\openserver\domains\simplex\vendor\yiisoft\yii2\db\Command.php(894): yii\db\Command->prepare(true)
#4 G:\openserver\domains\simplex\vendor\yiisoft\yii2\db\Command.php(362): yii\db\Command->queryInternal('fetchAll', NULL)
#5 G:\openserver\domains\simplex\vendor\yiisoft\yii2\db\mysql\Schema.php(198): yii\db\Command->queryAll()
#6 G:\openserver\domains\simplex\vendor\yiisoft\yii2\db\mysql\Schema.php(97): yii\db\mysql\Schema->findColumns(Object(yii\db\TableSchema))
#7 G:\openserver\domains\simplex\vendor\yiisoft\yii2\db\Schema.php(149): yii\db\mysql\Schema->loadTableSchema('migration')
#8 G:\openserver\domains\simplex\vendor\yiisoft\yii2\console\controllers\MigrateController.php(178): yii\db\Schema->getTableSchema('{{%migration}}', true)
#9 G:\openserver\domains\simplex\vendor\yiisoft\yii2\console\controllers\BaseMigrateController.php(627): yii\console\controllers\MigrateController->getMigrationHistory(NULL)
#10 G:\openserver\domains\simplex\vendor\yiisoft\yii2\console\controllers\BaseMigrateController.php(102): yii\console\controllers\BaseMigrateController->getNewMigrations()
#11 [internal function]: yii\console\controllers\BaseMigrateController->actionUp(0)
#12 G:\openserver\domains\simplex\vendor\yiisoft\yii2\base\InlineAction.php(55): call_user_func_array(Array, Array)
#13 G:\openserver\domains\simplex\vendor\yiisoft\yii2\base\Controller.php(154): yii\base\InlineAction->runWithParams(Array)
#14 G:\openserver\domains\simplex\vendor\yiisoft\yii2\console\Controller.php(119): yii\base\Controller->runAction('', Array)
#15 G:\openserver\domains\simplex\vendor\yiisoft\yii2\base\Module.php(454): yii\console\Controller->runAction('', Array)
#16 G:\openserver\domains\simplex\vendor\yiisoft\yii2\console\Application.php(180): yii\base\Module->runAction('migrate', Array)
#17 G:\openserver\domains\simplex\vendor\yiisoft\yii2\console\Application.php(147): yii\console\Application->runAction('migrate', Array)
#18 G:\openserver\domains\simplex\vendor\yiisoft\yii2\base\Application.php(375): yii\console\Application->handleRequest(Object(yii\console\Request))
#19 G:\openserver\domains\simplex\yii(27): yii\base\Application->run()
#20 {main}
Additional Information:

2016-07-28 18:38:12 [-][-][-][info][application] $_SERVER = [
    'PHP_COMMAND' => 'php.exe'
    'PROMPT' => '$P$G'
    'USERDOMAIN_ROAMINGPROFILE' => 'DESKTOP-0Q5JSNC'
    'LOCALAPPDATA' => 'C:\\Users\\Yevhenii Zahrebelnyi\\AppData\\Local'
    'PROCESSOR_LEVEL' => '6'
    'USERDOMAIN' => 'DESKTOP-0Q5JSNC'
    'LOGONSERVER' => '\\\\DESKTOP-0Q5JSNC'
    'SESSIONNAME' => 'Console'
    'ALLUSERSPROFILE' => 'C:\\ProgramData'
    'PROCESSOR_ARCHITECTURE' => 'x86'
    'PSModulePath' => 'C:\\Program Files\\WindowsPowerShell\\Modules;C:\\Windows\\system32\\WindowsPowerShell\\v1.0\\Modules'
    'SystemDrive' => 'C:'
    'APPDATA' => 'C:\\Users\\Yevhenii Zahrebelnyi\\AppData\\Roaming'
    'USERNAME' => 'Yevhenii Zahrebelnyi'
    'ProgramFiles(x86)' => 'C:\\Program Files (x86)'
    'CommonProgramFiles' => 'C:\\Program Files (x86)\\Common Files'
    'Path' => 'C:\\Windows\\system32;C:\\Windows;C:\\Windows\\System32\\Wbem;C:\\Windows\\System32\\WindowsPowerShell\\v1.0\\;C:\\Program Files\\TortoiseGit\\bin;G:\\programs\\Git\\cmd;G:\\openserver\\modules\\php\\PHP-7'
    'PATHEXT' => '.COM;.EXE;.BAT;.CMD;.VBS;.VBE;.JS;.JSE;.WSF;.WSH;.MSC'
    'OS' => 'Windows_NT'
    'PROCESSOR_ARCHITEW6432' => 'AMD64'
    'COMPUTERNAME' => 'DESKTOP-0Q5JSNC'
    'PROCESSOR_REVISION' => '3d04'
    'CommonProgramW6432' => 'C:\\Program Files\\Common Files'
    'ComSpec' => 'C:\\Windows\\system32\\cmd.exe'
    'ProgramData' => 'C:\\ProgramData'
    'ProgramW6432' => 'C:\\Program Files'
    'HOMEPATH' => '\\Users\\Yevhenii Zahrebelnyi'
    'SystemRoot' => 'C:\\Windows'
    'TEMP' => 'C:\\Users\\YEVHEN~1\\AppData\\Local\\Temp'
    'HOMEDRIVE' => 'C:'
    'PROCESSOR_IDENTIFIER' => 'Intel64 Family 6 Model 61 Stepping 4, GenuineIntel'
    'USERPROFILE' => 'C:\\Users\\Yevhenii Zahrebelnyi'
    'TMP' => 'C:\\Users\\YEVHEN~1\\AppData\\Local\\Temp'
    'CommonProgramFiles(x86)' => 'C:\\Program Files (x86)\\Common Files'
    'ProgramFiles' => 'C:\\Program Files (x86)'
    'PUBLIC' => 'C:\\Users\\Public'
    'NUMBER_OF_PROCESSORS' => '4'
    'windir' => 'C:\\Windows'
    'YII_PATH' => 'G:\\openserver\\domains\\simplex\\'
    'PHP_SELF' => 'G:\\openserver\\domains\\simplex\\yii'
    'SCRIPT_NAME' => 'G:\\openserver\\domains\\simplex\\yii'
    'SCRIPT_FILENAME' => 'G:\\openserver\\domains\\simplex\\yii'
    'PATH_TRANSLATED' => 'G:\\openserver\\domains\\simplex\\yii'
    'DOCUMENT_ROOT' => ''
    'REQUEST_TIME_FLOAT' => 1469720292.6698
    'REQUEST_TIME' => 1469720292
    'argv' => [
        0 => 'G:\\openserver\\domains\\simplex\\yii'
        1 => 'migrate'
    ]
    'argc' => 2
]
2016-07-25 01:38:56 [-][-][-][error][yii\base\ErrorException:4] exception 'yii\base\ErrorException' with message 'syntax error, unexpected '?'' in D:\openserver\domains\simplex\common\ext\models\SimplexMigration.php:20
Stack trace:
#0 [internal function]: yii\base\ErrorHandler->handleFatalError()
#1 {main}
2016-07-25 01:38:54 [-][-][-][info][application] $_SERVER = [
    'LOCALAPPDATA' => 'C:\\Users\\ÿðèê\\AppData\\Local'
    'PHP_COMMAND' => 'php.exe'
    'PROCESSOR_LEVEL' => '6'
    'FP_NO_HOST_CHECK' => 'NO'
    'PROMPT' => '$P$G'
    'USERDOMAIN' => 'ÿðèê-ÏÊ'
    'LOGONSERVER' => '\\\\ßÐÈÊ-ÏÊ'
    'SESSIONNAME' => 'Console'
    'ALLUSERSPROFILE' => 'C:\\ProgramData'
    'TERM' => 'xterm-256color'
    'PROCESSOR_ARCHITECTURE' => 'x86'
    'PSModulePath' => 'C:\\Windows\\system32\\WindowsPowerShell\\v1.0\\Modules\\'
    'SystemDrive' => 'C:'
    'APPDATA' => 'C:\\Users\\ÿðèê\\AppData\\Roaming'
    'USERNAME' => 'ÿðèê'
    'ProgramFiles(x86)' => 'C:\\Program Files (x86)'
    'CommonProgramFiles' => 'C:\\Program Files (x86)\\Common Files'
    'Path' => 'C:\\Windows\\system32;C:\\Windows;C:\\Windows\\System32\\Wbem;C:\\Windows\\System32\\WindowsPowerShell\\v1.0\\;C:\\Program Files (x86)\\Skype\\Phone\\;D:\\matlab\\runtime\\win64;D:\\matlab\\bin;C:\\Program Files\\nodejs\\;D:\\openserver\\modules\\php\\PHP-5.6\\;C:\\Users\\ÿðèê\\AppData\\Roaming\\npm'
    'PATHEXT' => '.COM;.EXE;.BAT;.CMD;.VBS;.VBE;.JS;.JSE;.WSF;.WSH;.MSC'
    'OS' => 'Windows_NT'
    'PROCESSOR_ARCHITEW6432' => 'AMD64'
    'COMPUTERNAME' => 'ßÐÈÊ-ÏÊ'
    'DEVMGR_SHOW_NONPRESENT_DEVICES' => ''
    'PROCESSOR_REVISION' => '0f02'
    'CommonProgramW6432' => 'C:\\Program Files\\Common Files'
    'ComSpec' => 'C:\\Windows\\system32\\cmd.exe'
    'DEVMGR_SHOW_DETAILS' => ''
    'ProgramData' => 'C:\\ProgramData'
    'ProgramW6432' => 'C:\\Program Files'
    'HOMEPATH' => '\\Users\\ÿðèê'
    'SystemRoot' => 'C:\\Windows'
    'TEMP' => 'C:\\Users\\006D~1\\AppData\\Local\\Temp'
    'HOMEDRIVE' => 'C:'
    'PROCESSOR_IDENTIFIER' => 'Intel64 Family 6 Model 15 Stepping 2, GenuineIntel'
    'USERPROFILE' => 'C:\\Users\\ÿðèê'
    'TMP' => 'C:\\Users\\006D~1\\AppData\\Local\\Temp'
    'CommonProgramFiles(x86)' => 'C:\\Program Files (x86)\\Common Files'
    'ProgramFiles' => 'C:\\Program Files (x86)'
    'PUBLIC' => 'C:\\Users\\Public'
    'NUMBER_OF_PROCESSORS' => '2'
    'windir' => 'C:\\Windows'
    'YII_PATH' => 'D:\\openserver\\domains\\simplex\\'
    'PHP_SELF' => 'D:\\openserver\\domains\\simplex\\yii'
    'SCRIPT_NAME' => 'D:\\openserver\\domains\\simplex\\yii'
    'SCRIPT_FILENAME' => 'D:\\openserver\\domains\\simplex\\yii'
    'PATH_TRANSLATED' => 'D:\\openserver\\domains\\simplex\\yii'
    'DOCUMENT_ROOT' => ''
    'REQUEST_TIME_FLOAT' => 1469399934.8133
    'REQUEST_TIME' => 1469399934
    'argv' => [
        0 => 'D:\\openserver\\domains\\simplex\\yii'
        1 => 'migrate'
    ]
    'argc' => 2
]
2016-07-25 03:17:39 [-][-][-][error][yii\console\Exception] exception 'yii\base\InvalidRouteException' with message 'Unable to resolve the request: migrate/crete' in D:\openserver\domains\simplex\vendor\yiisoft\yii2\base\Controller.php:125
Stack trace:
#0 D:\openserver\domains\simplex\vendor\yiisoft\yii2\console\Controller.php(119): yii\base\Controller->runAction('crete', Array)
#1 D:\openserver\domains\simplex\vendor\yiisoft\yii2\base\Module.php(454): yii\console\Controller->runAction('crete', Array)
#2 D:\openserver\domains\simplex\vendor\yiisoft\yii2\console\Application.php(180): yii\base\Module->runAction('migrate/crete', Array)
#3 D:\openserver\domains\simplex\vendor\yiisoft\yii2\console\Application.php(147): yii\console\Application->runAction('migrate/crete', Array)
#4 D:\openserver\domains\simplex\vendor\yiisoft\yii2\base\Application.php(375): yii\console\Application->handleRequest(Object(yii\console\Request))
#5 D:\openserver\domains\simplex\yii(27): yii\base\Application->run()
#6 {main}

Next exception 'yii\console\Exception' with message 'Unknown command "migrate/crete".' in D:\openserver\domains\simplex\vendor\yiisoft\yii2\console\Application.php:183
Stack trace:
#0 D:\openserver\domains\simplex\vendor\yiisoft\yii2\console\Application.php(147): yii\console\Application->runAction('migrate/crete', Array)
#1 D:\openserver\domains\simplex\vendor\yiisoft\yii2\base\Application.php(375): yii\console\Application->handleRequest(Object(yii\console\Request))
#2 D:\openserver\domains\simplex\yii(27): yii\base\Application->run()
#3 {main}
2016-07-25 03:17:39 [-][-][-][info][application] $_SERVER = [
    'LOCALAPPDATA' => 'C:\\Users\\ÿðèê\\AppData\\Local'
    'PHP_COMMAND' => 'php.exe'
    'PROCESSOR_LEVEL' => '6'
    'FP_NO_HOST_CHECK' => 'NO'
    'PROMPT' => '$P$G'
    'USERDOMAIN' => 'ÿðèê-ÏÊ'
    'LOGONSERVER' => '\\\\ßÐÈÊ-ÏÊ'
    'SESSIONNAME' => 'Console'
    'ALLUSERSPROFILE' => 'C:\\ProgramData'
    'TERM' => 'xterm-256color'
    'PROCESSOR_ARCHITECTURE' => 'AMD64'
    'PSModulePath' => 'C:\\Windows\\system32\\WindowsPowerShell\\v1.0\\Modules\\'
    'SystemDrive' => 'C:'
    'APPDATA' => 'C:\\Users\\ÿðèê\\AppData\\Roaming'
    'USERNAME' => 'ÿðèê'
    'ProgramFiles(x86)' => 'C:\\Program Files (x86)'
    'CommonProgramFiles' => 'C:\\Program Files\\Common Files'
    'Path' => 'C:\\Windows\\system32;C:\\Windows;C:\\Windows\\System32\\Wbem;C:\\Windows\\System32\\WindowsPowerShell\\v1.0\\;C:\\Program Files (x86)\\Skype\\Phone\\;D:\\matlab\\runtime\\win64;D:\\matlab\\bin;C:\\Program Files\\nodejs\\;D:\\openserver\\modules\\php\\PHP-5.6-x64\\;C:\\Users\\ÿðèê\\AppData\\Roaming\\npm'
    'PATHEXT' => '.COM;.EXE;.BAT;.CMD;.VBS;.VBE;.JS;.JSE;.WSF;.WSH;.MSC'
    'OS' => 'Windows_NT'
    'COMPUTERNAME' => 'ßÐÈÊ-ÏÊ'
    'PROCESSOR_REVISION' => '0f02'
    'CommonProgramW6432' => 'C:\\Program Files\\Common Files'
    'ComSpec' => 'C:\\Windows\\system32\\cmd.exe'
    'ProgramData' => 'C:\\ProgramData'
    'ProgramW6432' => 'C:\\Program Files'
    'HOMEPATH' => '\\Users\\ÿðèê'
    'SystemRoot' => 'C:\\Windows'
    'TEMP' => 'C:\\Users\\006D~1\\AppData\\Local\\Temp'
    'HOMEDRIVE' => 'C:'
    'PROCESSOR_IDENTIFIER' => 'Intel64 Family 6 Model 15 Stepping 2, GenuineIntel'
    'USERPROFILE' => 'C:\\Users\\ÿðèê'
    'TMP' => 'C:\\Users\\006D~1\\AppData\\Local\\Temp'
    'CommonProgramFiles(x86)' => 'C:\\Program Files (x86)\\Common Files'
    'ProgramFiles' => 'C:\\Program Files'
    'PUBLIC' => 'C:\\Users\\Public'
    'NUMBER_OF_PROCESSORS' => '2'
    'windir' => 'C:\\Windows'
    'YII_PATH' => 'D:\\openserver\\domains\\simplex\\'
    'PHP_SELF' => 'D:\\openserver\\domains\\simplex\\yii'
    'SCRIPT_NAME' => 'D:\\openserver\\domains\\simplex\\yii'
    'SCRIPT_FILENAME' => 'D:\\openserver\\domains\\simplex\\yii'
    'PATH_TRANSLATED' => 'D:\\openserver\\domains\\simplex\\yii'
    'DOCUMENT_ROOT' => ''
    'REQUEST_TIME_FLOAT' => 1469405859.7788
    'REQUEST_TIME' => 1469405859
    'argv' => [
        0 => 'D:\\openserver\\domains\\simplex\\yii'
        1 => 'migrate/crete'
        2 => 'add_article_tag_table'
    ]
    'argc' => 3
]
2016-07-25 05:21:56 [-][-][-][error][yii\console\Exception] exception 'yii\base\InvalidRouteException' with message 'Unable to resolve the request "migrate_create".' in D:\openserver\domains\simplex\vendor\yiisoft\yii2\base\Module.php:460
Stack trace:
#0 D:\openserver\domains\simplex\vendor\yiisoft\yii2\console\Application.php(180): yii\base\Module->runAction('migrate_create', Array)
#1 D:\openserver\domains\simplex\vendor\yiisoft\yii2\console\Application.php(147): yii\console\Application->runAction('migrate_create', Array)
#2 D:\openserver\domains\simplex\vendor\yiisoft\yii2\base\Application.php(375): yii\console\Application->handleRequest(Object(yii\console\Request))
#3 D:\openserver\domains\simplex\yii(27): yii\base\Application->run()
#4 {main}

Next exception 'yii\console\Exception' with message 'Unknown command "migrate_create".' in D:\openserver\domains\simplex\vendor\yiisoft\yii2\console\Application.php:183
Stack trace:
#0 D:\openserver\domains\simplex\vendor\yiisoft\yii2\console\Application.php(147): yii\console\Application->runAction('migrate_create', Array)
#1 D:\openserver\domains\simplex\vendor\yiisoft\yii2\base\Application.php(375): yii\console\Application->handleRequest(Object(yii\console\Request))
#2 D:\openserver\domains\simplex\yii(27): yii\base\Application->run()
#3 {main}
2016-07-25 05:21:56 [-][-][-][info][application] $_SERVER = [
    'LOCALAPPDATA' => 'C:\\Users\\ÿðèê\\AppData\\Local'
    'PHP_COMMAND' => 'php.exe'
    'PROCESSOR_LEVEL' => '6'
    'FP_NO_HOST_CHECK' => 'NO'
    'PROMPT' => '$P$G'
    'USERDOMAIN' => 'ÿðèê-ÏÊ'
    'LOGONSERVER' => '\\\\ßÐÈÊ-ÏÊ'
    'SESSIONNAME' => 'Console'
    'ALLUSERSPROFILE' => 'C:\\ProgramData'
    'TERM' => 'xterm-256color'
    'PROCESSOR_ARCHITECTURE' => 'AMD64'
    'PSModulePath' => 'C:\\Windows\\system32\\WindowsPowerShell\\v1.0\\Modules\\'
    'SystemDrive' => 'C:'
    'APPDATA' => 'C:\\Users\\ÿðèê\\AppData\\Roaming'
    'USERNAME' => 'ÿðèê'
    'ProgramFiles(x86)' => 'C:\\Program Files (x86)'
    'CommonProgramFiles' => 'C:\\Program Files\\Common Files'
    'Path' => 'C:\\Windows\\system32;C:\\Windows;C:\\Windows\\System32\\Wbem;C:\\Windows\\System32\\WindowsPowerShell\\v1.0\\;C:\\Program Files (x86)\\Skype\\Phone\\;D:\\matlab\\runtime\\win64;D:\\matlab\\bin;C:\\Program Files\\nodejs\\;D:\\openserver\\modules\\php\\PHP-5.6-x64\\;D:\\programs\\Git\\cmd;C:\\ProgramData\\ComposerSetup\\bin;C:\\Users\\ÿðèê\\AppData\\Roaming\\npm;C:\\Users\\ÿðèê\\AppData\\Roaming\\Composer\\vendor\\bin'
    'PATHEXT' => '.COM;.EXE;.BAT;.CMD;.VBS;.VBE;.JS;.JSE;.WSF;.WSH;.MSC'
    'OS' => 'Windows_NT'
    'COMPUTERNAME' => 'ßÐÈÊ-ÏÊ'
    'PROCESSOR_REVISION' => '0f02'
    'CommonProgramW6432' => 'C:\\Program Files\\Common Files'
    'ComSpec' => 'C:\\Windows\\system32\\cmd.exe'
    'ProgramData' => 'C:\\ProgramData'
    'ProgramW6432' => 'C:\\Program Files'
    'HOMEPATH' => '\\Users\\ÿðèê'
    'SystemRoot' => 'C:\\Windows'
    'TEMP' => 'C:\\Users\\006D~1\\AppData\\Local\\Temp'
    'HOMEDRIVE' => 'C:'
    'PROCESSOR_IDENTIFIER' => 'Intel64 Family 6 Model 15 Stepping 2, GenuineIntel'
    'USERPROFILE' => 'C:\\Users\\ÿðèê'
    'TMP' => 'C:\\Users\\006D~1\\AppData\\Local\\Temp'
    'CommonProgramFiles(x86)' => 'C:\\Program Files (x86)\\Common Files'
    'ProgramFiles' => 'C:\\Program Files'
    'PUBLIC' => 'C:\\Users\\Public'
    'NUMBER_OF_PROCESSORS' => '2'
    'windir' => 'C:\\Windows'
    'YII_PATH' => 'D:\\openserver\\domains\\simplex\\'
    'PHP_SELF' => 'D:\\openserver\\domains\\simplex\\yii'
    'SCRIPT_NAME' => 'D:\\openserver\\domains\\simplex\\yii'
    'SCRIPT_FILENAME' => 'D:\\openserver\\domains\\simplex\\yii'
    'PATH_TRANSLATED' => 'D:\\openserver\\domains\\simplex\\yii'
    'DOCUMENT_ROOT' => ''
    'REQUEST_TIME_FLOAT' => 1469413316.7903
    'REQUEST_TIME' => 1469413316
    'argv' => [
        0 => 'D:\\openserver\\domains\\simplex\\yii'
        1 => 'migrate_create'
        2 => 'add_article_to_tag_table'
    ]
    'argc' => 3
]
