2016-08-01 08:09:01 [::1][-][3c5b5fe86828e25140762f4964a0238c][error][Error] Error: Class 'common\models\LoginForm' not found in /Users/zhevgeniy/PhpstormProjects/simplex/backend/controllers/SiteController.php:77
Stack trace:
#0 [internal function]: backend\controllers\SiteController->actionLogin()
#1 /Users/zhevgeniy/PhpstormProjects/simplex/vendor/yiisoft/yii2/base/InlineAction.php(55): call_user_func_array(Array, Array)
#2 /Users/zhevgeniy/PhpstormProjects/simplex/vendor/yiisoft/yii2/base/Controller.php(154): yii\base\InlineAction->runWithParams(Array)
#3 /Users/zhevgeniy/PhpstormProjects/simplex/vendor/yiisoft/yii2/base/Module.php(454): yii\base\Controller->runAction('login', Array)
#4 /Users/zhevgeniy/PhpstormProjects/simplex/vendor/yiisoft/yii2/web/Application.php(87): yii\base\Module->runAction('site/login', Array)
#5 /Users/zhevgeniy/PhpstormProjects/simplex/vendor/yiisoft/yii2/base/Application.php(375): yii\web\Application->handleRequest(Object(yii\web\Request))
#6 /Users/zhevgeniy/PhpstormProjects/simplex/backend/web/index.php(18): yii\base\Application->run()
#7 {main}
2016-08-01 08:09:01 [::1][-][3c5b5fe86828e25140762f4964a0238c][info][application] $_COOKIE = [
    'advanced-backend' => '3c5b5fe86828e25140762f4964a0238c'
]

$_SESSION = [
    '__flash' => []
    '__returnUrl' => '/'
]

$_SERVER = [
    'REDIRECT_STATUS' => '200'
    'HTTP_HOST' => 'admin.simplex.com'
    'HTTP_CONNECTION' => 'keep-alive'
    'HTTP_UPGRADE_INSECURE_REQUESTS' => '1'
    'HTTP_USER_AGENT' => 'Mozilla/5.0 (Macintosh; Intel Mac OS X 10_11_5) AppleWebKit/537.36 (KHTML, like Gecko) Chrome/51.0.2704.106 Safari/537.36'
    'HTTP_ACCEPT' => 'text/html,application/xhtml+xml,application/xml;q=0.9,image/webp,*/*;q=0.8'
    'HTTP_DNT' => '1'
    'HTTP_ACCEPT_ENCODING' => 'gzip, deflate, sdch'
    'HTTP_ACCEPT_LANGUAGE' => 'en-GB,en;q=0.8,en-US;q=0.6,uk;q=0.4,ru;q=0.2'
    'HTTP_COOKIE' => 'advanced-backend=3c5b5fe86828e25140762f4964a0238c'
    'PATH' => '/usr/bin:/bin:/usr/sbin:/sbin'
    'SERVER_SIGNATURE' => ''
    'SERVER_SOFTWARE' => 'Apache'
    'SERVER_NAME' => 'admin.simplex.com'
    'SERVER_ADDR' => '::1'
    'SERVER_PORT' => '80'
    'REMOTE_ADDR' => '::1'
    'DOCUMENT_ROOT' => '/Users/zhevgeniy/PhpstormProjects/simplex/backend/web'
    'SERVER_ADMIN' => 'you@example.com'
    'SCRIPT_FILENAME' => '/Users/zhevgeniy/PhpstormProjects/simplex/backend/web/index.php'
    'REMOTE_PORT' => '55170'
    'REDIRECT_URL' => '/site/login'
    'GATEWAY_INTERFACE' => 'CGI/1.1'
    'SERVER_PROTOCOL' => 'HTTP/1.1'
    'REQUEST_METHOD' => 'GET'
    'QUERY_STRING' => ''
    'REQUEST_URI' => '/site/login'
    'SCRIPT_NAME' => '/index.php'
    'PHP_SELF' => '/index.php'
    'REQUEST_TIME_FLOAT' => 1470028141.67
    'REQUEST_TIME' => 1470028141
    'argv' => []
    'argc' => 0
]
2016-08-01 08:09:01 [::1][-][3c5b5fe86828e25140762f4964a0238c][warning][yii\log\Dispatcher::dispatch] Unable to send log via yii\debug\LogTarget: Exception 'Exception' with message 'Serialization of 'Closure' is not allowed' 

in /Users/zhevgeniy/PhpstormProjects/simplex/vendor/yiisoft/yii2-debug/LogTarget.php:57

Stack trace:
#0 /Users/zhevgeniy/PhpstormProjects/simplex/vendor/yiisoft/yii2-debug/LogTarget.php(57): serialize(Array)
#1 /Users/zhevgeniy/PhpstormProjects/simplex/vendor/yiisoft/yii2-debug/LogTarget.php(118): yii\debug\LogTarget->export()
#2 /Users/zhevgeniy/PhpstormProjects/simplex/vendor/yiisoft/yii2/log/Dispatcher.php(188): yii\debug\LogTarget->collect(Array, true)
#3 /Users/zhevgeniy/PhpstormProjects/simplex/vendor/yiisoft/yii2/log/Logger.php(173): yii\log\Dispatcher->dispatch(Array, true)
#4 /Users/zhevgeniy/PhpstormProjects/simplex/vendor/yiisoft/yii2/base/ErrorHandler.php(111): yii\log\Logger->flush(true)
#5 [internal function]: yii\base\ErrorHandler->handleException(Object(Error))
#6 {main}
2016-08-01 08:09:01 [::1][-][3c5b5fe86828e25140762f4964a0238c][info][application] $_COOKIE = [
    'advanced-backend' => '3c5b5fe86828e25140762f4964a0238c'
]

$_SESSION = [
    '__flash' => []
    '__returnUrl' => '/'
]

$_SERVER = [
    'REDIRECT_STATUS' => '200'
    'HTTP_HOST' => 'admin.simplex.com'
    'HTTP_CONNECTION' => 'keep-alive'
    'HTTP_UPGRADE_INSECURE_REQUESTS' => '1'
    'HTTP_USER_AGENT' => 'Mozilla/5.0 (Macintosh; Intel Mac OS X 10_11_5) AppleWebKit/537.36 (KHTML, like Gecko) Chrome/51.0.2704.106 Safari/537.36'
    'HTTP_ACCEPT' => 'text/html,application/xhtml+xml,application/xml;q=0.9,image/webp,*/*;q=0.8'
    'HTTP_DNT' => '1'
    'HTTP_ACCEPT_ENCODING' => 'gzip, deflate, sdch'
    'HTTP_ACCEPT_LANGUAGE' => 'en-GB,en;q=0.8,en-US;q=0.6,uk;q=0.4,ru;q=0.2'
    'HTTP_COOKIE' => 'advanced-backend=3c5b5fe86828e25140762f4964a0238c'
    'PATH' => '/usr/bin:/bin:/usr/sbin:/sbin'
    'SERVER_SIGNATURE' => ''
    'SERVER_SOFTWARE' => 'Apache'
    'SERVER_NAME' => 'admin.simplex.com'
    'SERVER_ADDR' => '::1'
    'SERVER_PORT' => '80'
    'REMOTE_ADDR' => '::1'
    'DOCUMENT_ROOT' => '/Users/zhevgeniy/PhpstormProjects/simplex/backend/web'
    'SERVER_ADMIN' => 'you@example.com'
    'SCRIPT_FILENAME' => '/Users/zhevgeniy/PhpstormProjects/simplex/backend/web/index.php'
    'REMOTE_PORT' => '55170'
    'REDIRECT_URL' => '/site/login'
    'GATEWAY_INTERFACE' => 'CGI/1.1'
    'SERVER_PROTOCOL' => 'HTTP/1.1'
    'REQUEST_METHOD' => 'GET'
    'QUERY_STRING' => ''
    'REQUEST_URI' => '/site/login'
    'SCRIPT_NAME' => '/index.php'
    'PHP_SELF' => '/index.php'
    'REQUEST_TIME_FLOAT' => 1470028141.67
    'REQUEST_TIME' => 1470028141
    'argv' => []
    'argc' => 0
]
2016-08-01 08:09:05 [::1][-][3c5b5fe86828e25140762f4964a0238c][error][Error] Error: Class 'common\models\LoginForm' not found in /Users/zhevgeniy/PhpstormProjects/simplex/backend/controllers/SiteController.php:77
Stack trace:
#0 [internal function]: backend\controllers\SiteController->actionLogin()
#1 /Users/zhevgeniy/PhpstormProjects/simplex/vendor/yiisoft/yii2/base/InlineAction.php(55): call_user_func_array(Array, Array)
#2 /Users/zhevgeniy/PhpstormProjects/simplex/vendor/yiisoft/yii2/base/Controller.php(154): yii\base\InlineAction->runWithParams(Array)
#3 /Users/zhevgeniy/PhpstormProjects/simplex/vendor/yiisoft/yii2/base/Module.php(454): yii\base\Controller->runAction('login', Array)
#4 /Users/zhevgeniy/PhpstormProjects/simplex/vendor/yiisoft/yii2/web/Application.php(87): yii\base\Module->runAction('site/login', Array)
#5 /Users/zhevgeniy/PhpstormProjects/simplex/vendor/yiisoft/yii2/base/Application.php(375): yii\web\Application->handleRequest(Object(yii\web\Request))
#6 /Users/zhevgeniy/PhpstormProjects/simplex/backend/web/index.php(18): yii\base\Application->run()
#7 {main}
2016-08-01 08:09:05 [::1][-][3c5b5fe86828e25140762f4964a0238c][info][application] $_COOKIE = [
    'advanced-backend' => '3c5b5fe86828e25140762f4964a0238c'
]

$_SESSION = [
    '__flash' => []
    '__returnUrl' => '/'
]

$_SERVER = [
    'REDIRECT_STATUS' => '200'
    'HTTP_HOST' => 'admin.simplex.com'
    'HTTP_CONNECTION' => 'keep-alive'
    'HTTP_UPGRADE_INSECURE_REQUESTS' => '1'
    'HTTP_USER_AGENT' => 'Mozilla/5.0 (Macintosh; Intel Mac OS X 10_11_5) AppleWebKit/537.36 (KHTML, like Gecko) Chrome/51.0.2704.106 Safari/537.36'
    'HTTP_ACCEPT' => 'text/html,application/xhtml+xml,application/xml;q=0.9,image/webp,*/*;q=0.8'
    'HTTP_DNT' => '1'
    'HTTP_ACCEPT_ENCODING' => 'gzip, deflate, sdch'
    'HTTP_ACCEPT_LANGUAGE' => 'en-GB,en;q=0.8,en-US;q=0.6,uk;q=0.4,ru;q=0.2'
    'HTTP_COOKIE' => 'advanced-backend=3c5b5fe86828e25140762f4964a0238c'
    'PATH' => '/usr/bin:/bin:/usr/sbin:/sbin'
    'SERVER_SIGNATURE' => ''
    'SERVER_SOFTWARE' => 'Apache'
    'SERVER_NAME' => 'admin.simplex.com'
    'SERVER_ADDR' => '::1'
    'SERVER_PORT' => '80'
    'REMOTE_ADDR' => '::1'
    'DOCUMENT_ROOT' => '/Users/zhevgeniy/PhpstormProjects/simplex/backend/web'
    'SERVER_ADMIN' => 'you@example.com'
    'SCRIPT_FILENAME' => '/Users/zhevgeniy/PhpstormProjects/simplex/backend/web/index.php'
    'REMOTE_PORT' => '55180'
    'REDIRECT_URL' => '/site/login'
    'GATEWAY_INTERFACE' => 'CGI/1.1'
    'SERVER_PROTOCOL' => 'HTTP/1.1'
    'REQUEST_METHOD' => 'GET'
    'QUERY_STRING' => ''
    'REQUEST_URI' => '/site/login'
    'SCRIPT_NAME' => '/index.php'
    'PHP_SELF' => '/index.php'
    'REQUEST_TIME_FLOAT' => 1470028145.41
    'REQUEST_TIME' => 1470028145
    'argv' => []
    'argc' => 0
]
2016-08-01 08:09:05 [::1][-][3c5b5fe86828e25140762f4964a0238c][warning][yii\log\Dispatcher::dispatch] Unable to send log via yii\debug\LogTarget: Exception 'Exception' with message 'Serialization of 'Closure' is not allowed' 

in /Users/zhevgeniy/PhpstormProjects/simplex/vendor/yiisoft/yii2-debug/LogTarget.php:57

Stack trace:
#0 /Users/zhevgeniy/PhpstormProjects/simplex/vendor/yiisoft/yii2-debug/LogTarget.php(57): serialize(Array)
#1 /Users/zhevgeniy/PhpstormProjects/simplex/vendor/yiisoft/yii2-debug/LogTarget.php(118): yii\debug\LogTarget->export()
#2 /Users/zhevgeniy/PhpstormProjects/simplex/vendor/yiisoft/yii2/log/Dispatcher.php(188): yii\debug\LogTarget->collect(Array, true)
#3 /Users/zhevgeniy/PhpstormProjects/simplex/vendor/yiisoft/yii2/log/Logger.php(173): yii\log\Dispatcher->dispatch(Array, true)
#4 /Users/zhevgeniy/PhpstormProjects/simplex/vendor/yiisoft/yii2/base/ErrorHandler.php(111): yii\log\Logger->flush(true)
#5 [internal function]: yii\base\ErrorHandler->handleException(Object(Error))
#6 {main}
2016-08-01 08:09:05 [::1][-][3c5b5fe86828e25140762f4964a0238c][info][application] $_COOKIE = [
    'advanced-backend' => '3c5b5fe86828e25140762f4964a0238c'
]

$_SESSION = [
    '__flash' => []
    '__returnUrl' => '/'
]

$_SERVER = [
    'REDIRECT_STATUS' => '200'
    'HTTP_HOST' => 'admin.simplex.com'
    'HTTP_CONNECTION' => 'keep-alive'
    'HTTP_UPGRADE_INSECURE_REQUESTS' => '1'
    'HTTP_USER_AGENT' => 'Mozilla/5.0 (Macintosh; Intel Mac OS X 10_11_5) AppleWebKit/537.36 (KHTML, like Gecko) Chrome/51.0.2704.106 Safari/537.36'
    'HTTP_ACCEPT' => 'text/html,application/xhtml+xml,application/xml;q=0.9,image/webp,*/*;q=0.8'
    'HTTP_DNT' => '1'
    'HTTP_ACCEPT_ENCODING' => 'gzip, deflate, sdch'
    'HTTP_ACCEPT_LANGUAGE' => 'en-GB,en;q=0.8,en-US;q=0.6,uk;q=0.4,ru;q=0.2'
    'HTTP_COOKIE' => 'advanced-backend=3c5b5fe86828e25140762f4964a0238c'
    'PATH' => '/usr/bin:/bin:/usr/sbin:/sbin'
    'SERVER_SIGNATURE' => ''
    'SERVER_SOFTWARE' => 'Apache'
    'SERVER_NAME' => 'admin.simplex.com'
    'SERVER_ADDR' => '::1'
    'SERVER_PORT' => '80'
    'REMOTE_ADDR' => '::1'
    'DOCUMENT_ROOT' => '/Users/zhevgeniy/PhpstormProjects/simplex/backend/web'
    'SERVER_ADMIN' => 'you@example.com'
    'SCRIPT_FILENAME' => '/Users/zhevgeniy/PhpstormProjects/simplex/backend/web/index.php'
    'REMOTE_PORT' => '55180'
    'REDIRECT_URL' => '/site/login'
    'GATEWAY_INTERFACE' => 'CGI/1.1'
    'SERVER_PROTOCOL' => 'HTTP/1.1'
    'REQUEST_METHOD' => 'GET'
    'QUERY_STRING' => ''
    'REQUEST_URI' => '/site/login'
    'SCRIPT_NAME' => '/index.php'
    'PHP_SELF' => '/index.php'
    'REQUEST_TIME_FLOAT' => 1470028145.41
    'REQUEST_TIME' => 1470028145
    'argv' => []
    'argc' => 0
]
2016-08-01 08:12:20 [::1][-][-][error][yii\base\UnknownClassException] yii\base\UnknownClassException: Unable to find 'backend\controllers\UserController' in file: /Users/zhevgeniy/PhpstormProjects/simplex/backend/controllers/UserController.php. Namespace missing? in /Users/zhevgeniy/PhpstormProjects/simplex/vendor/yiisoft/yii2/BaseYii.php:291
Stack trace:
#0 [internal function]: yii\BaseYii::autoload('backend\\control...')
#1 [internal function]: spl_autoload_call('backend\\control...')
#2 /Users/zhevgeniy/PhpstormProjects/simplex/vendor/yiisoft/yii2/base/Module.php(562): class_exists('backend\\control...')
#3 /Users/zhevgeniy/PhpstormProjects/simplex/vendor/yiisoft/yii2/base/Module.php(520): yii\base\Module->createControllerByID('user')
#4 /Users/zhevgeniy/PhpstormProjects/simplex/vendor/yiisoft/yii2/base/Module.php(448): yii\base\Module->createController('')
#5 /Users/zhevgeniy/PhpstormProjects/simplex/vendor/yiisoft/yii2/web/Application.php(87): yii\base\Module->runAction('user', Array)
#6 /Users/zhevgeniy/PhpstormProjects/simplex/vendor/yiisoft/yii2/base/Application.php(375): yii\web\Application->handleRequest(Object(yii\web\Request))
#7 /Users/zhevgeniy/PhpstormProjects/simplex/backend/web/index.php(18): yii\base\Application->run()
#8 {main}
2016-08-01 08:12:20 [::1][-][-][info][application] $_COOKIE = [
    '_csrf-backend' => '050c9d074567067ca18c2604927f8e97c3eaef0544fb3dc14810910f23524c14a:2:{i:0;s:13:\"_csrf-backend\";i:1;s:32:\"T0DNHYhI7POuV43RjW6G7STMT291N9Pc\";}'
    'advanced-backend' => '6d32dc1b15571c4534118b7356620f79'
    '_identity-backend' => '7f04361e6dde2f025e1058b924ec45b04f1a110c3f01d07556fd299dc19459a4a:2:{i:0;s:17:\"_identity-backend\";i:1;s:46:\"[1,\"9rNkx8D1v31WwbqjFAkRtdykZbCFgkSJ\",2592000]\";}'
]

$_SERVER = [
    'REDIRECT_STATUS' => '200'
    'HTTP_HOST' => 'admin.simplex.com'
    'HTTP_CONNECTION' => 'keep-alive'
    'HTTP_UPGRADE_INSECURE_REQUESTS' => '1'
    'HTTP_USER_AGENT' => 'Mozilla/5.0 (Macintosh; Intel Mac OS X 10_11_5) AppleWebKit/537.36 (KHTML, like Gecko) Chrome/51.0.2704.106 Safari/537.36'
    'HTTP_ACCEPT' => 'text/html,application/xhtml+xml,application/xml;q=0.9,image/webp,*/*;q=0.8'
    'HTTP_DNT' => '1'
    'HTTP_ACCEPT_ENCODING' => 'gzip, deflate, sdch'
    'HTTP_ACCEPT_LANGUAGE' => 'en-GB,en;q=0.8,en-US;q=0.6,uk;q=0.4,ru;q=0.2'
    'HTTP_COOKIE' => '_csrf-backend=050c9d074567067ca18c2604927f8e97c3eaef0544fb3dc14810910f23524c14a%3A2%3A%7Bi%3A0%3Bs%3A13%3A%22_csrf-backend%22%3Bi%3A1%3Bs%3A32%3A%22T0DNHYhI7POuV43RjW6G7STMT291N9Pc%22%3B%7D; advanced-backend=6d32dc1b15571c4534118b7356620f79; _identity-backend=7f04361e6dde2f025e1058b924ec45b04f1a110c3f01d07556fd299dc19459a4a%3A2%3A%7Bi%3A0%3Bs%3A17%3A%22_identity-backend%22%3Bi%3A1%3Bs%3A46%3A%22%5B1%2C%229rNkx8D1v31WwbqjFAkRtdykZbCFgkSJ%22%2C2592000%5D%22%3B%7D'
    'PATH' => '/usr/bin:/bin:/usr/sbin:/sbin'
    'SERVER_SIGNATURE' => ''
    'SERVER_SOFTWARE' => 'Apache'
    'SERVER_NAME' => 'admin.simplex.com'
    'SERVER_ADDR' => '::1'
    'SERVER_PORT' => '80'
    'REMOTE_ADDR' => '::1'
    'DOCUMENT_ROOT' => '/Users/zhevgeniy/PhpstormProjects/simplex/backend/web'
    'SERVER_ADMIN' => 'you@example.com'
    'SCRIPT_FILENAME' => '/Users/zhevgeniy/PhpstormProjects/simplex/backend/web/index.php'
    'REMOTE_PORT' => '55298'
    'REDIRECT_URL' => '/user'
    'GATEWAY_INTERFACE' => 'CGI/1.1'
    'SERVER_PROTOCOL' => 'HTTP/1.1'
    'REQUEST_METHOD' => 'GET'
    'QUERY_STRING' => ''
    'REQUEST_URI' => '/user'
    'SCRIPT_NAME' => '/index.php'
    'PHP_SELF' => '/index.php'
    'REQUEST_TIME_FLOAT' => 1470028340.91
    'REQUEST_TIME' => 1470028340
    'argv' => []
    'argc' => 0
]
